[00:00:21] [Server thread/INFO]: kazo has made the advancement [Not Today, Thank You]
[00:03:14] [Server thread/INFO]: [novan921: Gave 64 [Coal] to novan921]
[00:03:20] [Server thread/INFO]: [novan921: Gave 64 [Coal] to novan921]
[00:08:37] [Server thread/WARN]: Fetching packet for removed entity bcv['Wheat Seeds'/73607, l='ServerLevel[Rok UM]', x=165.26, y=63.13, z=236.92]
[00:08:43] [Server thread/WARN]: Fetching packet for removed entity bcv['Wheat'/73667, l='ServerLevel[Rok UM]', x=163.75, y=63.37, z=255.58]
[00:08:54] [Server thread/WARN]: Fetching packet for removed entity bcv['Wheat Seeds'/73865, l='ServerLevel[Rok UM]', x=161.80, y=63.03, z=256.10]
[00:08:55] [Server thread/WARN]: Fetching packet for removed entity bcv['Wheat Seeds'/73863, l='ServerLevel[Rok UM]', x=162.72, y=62.94, z=257.36]
[00:12:39] [Server thread/WARN]: Fetching packet for removed entity aqg['Experience Orb'/74750, l='ServerLevel[Rok UM]', x=107.75, y=64.14, z=239.25]
[00:18:30] [Server thread/INFO]: [mabay98: Set the time to 1000]
[00:22:51] [Server thread/INFO]: [novan921: Set own game mode to Survival Mode]
[00:23:19] [Server thread/INFO]: [novan921: Teleported novan921 to mabay98]
[00:23:28] [Server thread/INFO]: [novan921: Set own game mode to Creative Mode]
[00:24:08] [Server thread/INFO]: mabay98 has completed the challenge [Serious Dedication]
[00:24:33] [Server thread/INFO]: [novan921: Set own game mode to Survival Mode]
[00:24:55] [Server thread/INFO]: [novan921: Gave 64 [Dried Kelp] to novan921]
[00:26:23] [Server thread/INFO]: [novan921: Set own game mode to Creative Mode]
[00:35:47] [Server thread/INFO]: [mabay98: Set the time to 1000]
[00:47:42] [Server thread/INFO]: [mabay98: Set the time to 1000]
[00:48:29] [Server thread/INFO]: [novan921: Teleported novan921 to zaky]
[00:48:29] [Server thread/WARN]: novan921 moved too quickly! 16.024650526002148,-3.5,-6.744911591982628
[00:50:59] [Server thread/INFO]: [mabay98: Teleported fazagustaf to kazo]
[01:00:58] [Server thread/INFO]: [mabay98: Teleported fazagustaf to kazo]
[01:00:58] [Server thread/WARN]: fazagustaf moved too quickly! -17.20593881442653,2.0,26.93897982752094
[01:01:01] [Server thread/INFO]: [mabay98: Set the time to 1000]
[01:08:30] [Server thread/INFO]: zaky has made the advancement [We Need to Go Deeper]
[01:09:13] [Server thread/INFO]: [mabay98: Teleported fazagustaf to mabay98]
[01:11:50] [Server thread/INFO]: novan921 lost connection: Disconnected
[01:11:50] [Server thread/INFO]: novan921 left the game
[01:12:28] [Server thread/INFO]: [mabay98: Set the time to 1000]
[01:16:20] [Server thread/INFO]: novan921[/139.192.105.56:57754] logged in with entity id 85412 at (121.0633908013551, 63.0, 225.35900067513765)
[01:16:20] [Server thread/INFO]: novan921 joined the game
[01:17:11] [Server thread/INFO]: novan921 lost connection: Disconnected
[01:17:11] [Server thread/INFO]: novan921 left the game
[01:18:39] [Server thread/INFO]: kazo lost connection: Disconnected
[01:18:39] [Server thread/INFO]: kazo left the game
[01:22:12] [Server thread/INFO]: [mabay98: Set the time to 1000]
[01:26:45] [Server thread/INFO]: novan921[/139.192.105.56:58117] logged in with entity id 86931 at (105.91441217838005, 63.0, 229.20898027500596)
[01:26:45] [Server thread/INFO]: novan921 joined the game
[01:32:26] [Server thread/INFO]: [mabay98: Set the time to 1000]
[01:36:10] [Server thread/INFO]: [novan921: Successfully filled 91 blocks]
[01:36:32] [Server thread/INFO]: [novan921: Successfully filled 39 blocks]
[01:37:01] [Server thread/INFO]: [novan921: Successfully filled 120 blocks]
[01:37:33] [Server thread/INFO]: [novan921: Successfully filled 6652 blocks]
[01:38:12] [Server thread/INFO]: [novan921: Successfully filled 6534 blocks]
[01:38:43] [Server thread/INFO]: [novan921: Successfully filled 4190 blocks]
[01:40:33] [Server thread/INFO]: mabay98 lost connection: Disconnected
[01:40:33] [Server thread/INFO]: mabay98 left the game
[01:40:51] [Server thread/INFO]: [novan921: Teleported novan921 to 256.5, 100.0, -127.5]
[01:41:02] [Server thread/INFO]: zaky lost connection: Disconnected
[01:41:02] [Server thread/INFO]: zaky left the game
[01:41:07] [Server thread/INFO]: fazagustaf lost connection: Disconnected
[01:41:07] [Server thread/INFO]: fazagustaf left the game
[01:41:09] [Server thread/INFO]: novan921 lost connection: Disconnected
[01:41:09] [Server thread/INFO]: novan921 left the game
[01:41:17] [Server thread/INFO]: Stopping the server
[01:41:18] [Server thread/INFO]: Stopping server
[01:41:18] [Server thread/INFO]: Saving players
[01:41:18] [Server thread/INFO]: Saving worlds
[01:41:18] [Server thread/INFO]: Saving chunks for level 'ServerLevel[Rok UM]'/minecraft:overworld
[01:41:19] [Server thread/INFO]: ThreadedAnvilChunkStorage (world): All chunks are saved
[01:41:19] [Server thread/INFO]: Saving chunks for level 'ServerLevel[Rok UM]'/minecraft:the_nether
[01:41:19] [Server thread/INFO]: ThreadedAnvilChunkStorage (DIM-1): All chunks are saved
[01:41:19] [Server thread/INFO]: Saving chunks for level 'ServerLevel[Rok UM]'/minecraft:the_end
[01:41:19] [Server thread/INFO]: ThreadedAnvilChunkStorage (DIM1): All chunks are saved
[01:41:19] [Server thread/INFO]: ThreadedAnvilChunkStorage (world): All chunks are saved
[01:41:19] [Server thread/INFO]: ThreadedAnvilChunkStorage (DIM-1): All chunks are saved
[01:41:19] [Server thread/INFO]: ThreadedAnvilChunkStorage (DIM1): All chunks are saved
